mode: atomic
github.com/moleculer-go/moleculer-metrics/prometheus.go:33.44,38.76 2 1
github.com/moleculer-go/moleculer-metrics/prometheus.go:63.2,63.82 1 1
github.com/moleculer-go/moleculer-metrics/prometheus.go:156.2,233.73 1 1
github.com/moleculer-go/moleculer-metrics/prometheus.go:38.76,45.14 2 1
github.com/moleculer-go/moleculer-metrics/prometheus.go:49.3,50.10 2 1
github.com/moleculer-go/moleculer-metrics/prometheus.go:54.3,54.43 1 1
github.com/moleculer-go/moleculer-metrics/prometheus.go:45.14,48.4 2 0
github.com/moleculer-go/moleculer-metrics/prometheus.go:50.10,53.4 2 0
github.com/moleculer-go/moleculer-metrics/prometheus.go:54.43,59.4 4 11
github.com/moleculer-go/moleculer-metrics/prometheus.go:63.82,100.30 6 0
github.com/moleculer-go/moleculer-metrics/prometheus.go:116.3,122.36 5 0
github.com/moleculer-go/moleculer-metrics/prometheus.go:129.3,135.34 5 0
github.com/moleculer-go/moleculer-metrics/prometheus.go:141.3,147.32 5 0
github.com/moleculer-go/moleculer-metrics/prometheus.go:100.30,103.36 3 0
github.com/moleculer-go/moleculer-metrics/prometheus.go:108.4,113.17 1 0
github.com/moleculer-go/moleculer-metrics/prometheus.go:103.36,105.5 1 0
github.com/moleculer-go/moleculer-metrics/prometheus.go:105.10,107.5 1 0
github.com/moleculer-go/moleculer-metrics/prometheus.go:122.36,127.4 1 0
github.com/moleculer-go/moleculer-metrics/prometheus.go:135.34,139.4 1 0
github.com/moleculer-go/moleculer-metrics/prometheus.go:147.32,152.4 1 0
github.com/moleculer-go/moleculer-metrics/prometheus.go:233.73,253.39 9 0
github.com/moleculer-go/moleculer-metrics/prometheus.go:253.39,261.7 2 0
github.com/moleculer-go/moleculer-metrics/prometheus.go:266.63,274.4 6 1
github.com/moleculer-go/moleculer-metrics/prometheus.go:279.114,285.20 5 11
github.com/moleculer-go/moleculer-metrics/prometheus.go:316.2,316.12 1 0
github.com/moleculer-go/moleculer-metrics/prometheus.go:286.15,291.16 2 8
github.com/moleculer-go/moleculer-metrics/prometheus.go:294.3,294.35 1 4
github.com/moleculer-go/moleculer-metrics/prometheus.go:296.17,301.16 2 2
github.com/moleculer-go/moleculer-metrics/prometheus.go:304.3,304.37 1 0
github.com/moleculer-go/moleculer-metrics/prometheus.go:306.19,311.16 2 1
github.com/moleculer-go/moleculer-metrics/prometheus.go:314.3,314.39 1 0
github.com/moleculer-go/moleculer-metrics/prometheus.go:291.16,293.4 1 4
github.com/moleculer-go/moleculer-metrics/prometheus.go:301.16,303.4 1 2
github.com/moleculer-go/moleculer-metrics/prometheus.go:311.16,313.4 1 1
