mode: atomic
github.com/moleculer-go/moleculer-metrics/prometheus.go:34.44,40.76 4 1
github.com/moleculer-go/moleculer-metrics/prometheus.go:64.2,64.82 1 1
github.com/moleculer-go/moleculer-metrics/prometheus.go:107.2,110.82 2 1
github.com/moleculer-go/moleculer-metrics/prometheus.go:220.2,317.63 1 1
github.com/moleculer-go/moleculer-metrics/prometheus.go:40.76,42.14 2 1
github.com/moleculer-go/moleculer-metrics/prometheus.go:47.3,48.10 2 1
github.com/moleculer-go/moleculer-metrics/prometheus.go:52.3,54.43 2 1
github.com/moleculer-go/moleculer-metrics/prometheus.go:60.3,61.39 2 1
github.com/moleculer-go/moleculer-metrics/prometheus.go:42.14,45.4 2 0
github.com/moleculer-go/moleculer-metrics/prometheus.go:48.10,51.4 2 0
github.com/moleculer-go/moleculer-metrics/prometheus.go:54.43,59.4 4 14
github.com/moleculer-go/moleculer-metrics/prometheus.go:64.82,92.36 14 32
github.com/moleculer-go/moleculer-metrics/prometheus.go:92.36,103.4 4 2
github.com/moleculer-go/moleculer-metrics/prometheus.go:110.82,115.22 4 6
github.com/moleculer-go/moleculer-metrics/prometheus.go:120.3,161.30 7 6
github.com/moleculer-go/moleculer-metrics/prometheus.go:177.3,184.36 6 6
github.com/moleculer-go/moleculer-metrics/prometheus.go:191.3,198.34 6 6
github.com/moleculer-go/moleculer-metrics/prometheus.go:204.3,211.32 6 6
github.com/moleculer-go/moleculer-metrics/prometheus.go:115.22,119.4 3 1
github.com/moleculer-go/moleculer-metrics/prometheus.go:161.30,164.36 3 8
github.com/moleculer-go/moleculer-metrics/prometheus.go:169.4,174.17 1 8
github.com/moleculer-go/moleculer-metrics/prometheus.go:164.36,166.5 1 8
github.com/moleculer-go/moleculer-metrics/prometheus.go:166.10,168.5 1 0
github.com/moleculer-go/moleculer-metrics/prometheus.go:184.36,189.4 1 7
github.com/moleculer-go/moleculer-metrics/prometheus.go:198.34,202.4 1 2
github.com/moleculer-go/moleculer-metrics/prometheus.go:211.32,216.4 1 8
github.com/moleculer-go/moleculer-metrics/prometheus.go:317.63,325.4 6 1
github.com/moleculer-go/moleculer-metrics/prometheus.go:330.114,337.20 6 14
github.com/moleculer-go/moleculer-metrics/prometheus.go:371.2,371.12 1 0
github.com/moleculer-go/moleculer-metrics/prometheus.go:338.15,343.16 2 8
github.com/moleculer-go/moleculer-metrics/prometheus.go:346.3,346.35 1 4
github.com/moleculer-go/moleculer-metrics/prometheus.go:348.17,353.16 2 4
github.com/moleculer-go/moleculer-metrics/prometheus.go:356.3,356.37 1 2
github.com/moleculer-go/moleculer-metrics/prometheus.go:358.19,363.17 2 2
github.com/moleculer-go/moleculer-metrics/prometheus.go:366.3,366.16 1 2
github.com/moleculer-go/moleculer-metrics/prometheus.go:369.3,369.39 1 1
github.com/moleculer-go/moleculer-metrics/prometheus.go:343.16,345.4 1 4
github.com/moleculer-go/moleculer-metrics/prometheus.go:353.16,355.4 1 2
github.com/moleculer-go/moleculer-metrics/prometheus.go:363.17,365.4 1 1
github.com/moleculer-go/moleculer-metrics/prometheus.go:366.16,368.4 1 1
